<?xml version="1.0" encoding="UTF-8"?>
<!-- Generated by org.testng.reporters.JUnitXMLReporter -->
<testsuite hostname="DESKTOP-R29U501" ignored="0" name="Test_chrome" tests="1" failures="1" timestamp="10 Jul 2020 12:21:22 GMT" time="10.685" errors="0">
  <testcase name="compose" time="10.605" classname="TestcaseScript.ParallelExecution">
    <failure type="org.openqa.selenium.SessionNotCreatedException" message="session not created: This version of ChromeDriver only supports Chrome version 81
Build info: version: &amp;apos;3.141.59&amp;apos;, revision: &amp;apos;e82be7d358&amp;apos;, time: &amp;apos;2018-11-14T08:25:53&amp;apos;
System info: host: &amp;apos;DESKTOP-R29U501&amp;apos;, ip: &amp;apos;192.168.139.1&amp;apos;, os.name: &amp;apos;Windows 8.1&amp;apos;, os.arch: &amp;apos;amd64&amp;apos;, os.version: &amp;apos;6.3&amp;apos;, java.version: &amp;apos;1.8.0_20-ea&amp;apos;
Driver info: driver.version: ChromeDriver
remote stacktrace: Backtrace:
	Ordinal0 [0x005F5F73+2449267]
	Ordinal0 [0x00528361+1606497]
	Ordinal0 [0x0041F969+522601]
	Ordinal0 [0x003B05F3+67059]
	Ordinal0 [0x003ACD92+52626]
	Ordinal0 [0x003CC127+180519]
	Ordinal0 [0x003CBF2D+180013]
	Ordinal0 [0x003C9E5B+171611]
	Ordinal0 [0x003B1DD8+73176]
	Ordinal0 [0x003B2E50+77392]
	Ordinal0 [0x003B2DE9+77289]
	Ordinal0 [0x0053D8D7+1693911]
	GetHandleVerifier [0x00694036+522726]
	GetHandleVerifier [0x00693D74+522020]
	GetHandleVerifier [0x006A9187+609079]
	GetHandleVerifier [0x006948A6+524886]
	Ordinal0 [0x00535CBC+1662140]
	Ordinal0 [0x0053F23B+1700411]
	Ordinal0 [0x0053F3A3+1700771]
	Ordinal0 [0x00555215+1790485]
	BaseThreadInitThunk [0x74B16359+25]
	RtlGetAppContainerNamedObjectPath [0x772F7C24+228]
	RtlGetAppContainerNamedObjectPath [0x772F7BF4+180]
">
      <![CDATA[org.openqa.selenium.SessionNotCreatedException: session not created: This version of ChromeDriver only supports Chrome version 81
Build info: version: '3.141.59', revision: 'e82be7d358', time: '2018-11-14T08:25:53'
System info: host: 'DESKTOP-R29U501', ip: '192.168.139.1', os.name: 'Windows 8.1', os.arch: 'amd64', os.version: '6.3', java.version: '1.8.0_20-ea'
Driver info: driver.version: ChromeDriver
remote stacktrace: Backtrace:
Ordinal0 [0x005F5F73+2449267]
Ordinal0 [0x00528361+1606497]
Ordinal0 [0x0041F969+522601]
Ordinal0 [0x003B05F3+67059]
Ordinal0 [0x003ACD92+52626]
Ordinal0 [0x003CC127+180519]
Ordinal0 [0x003CBF2D+180013]
Ordinal0 [0x003C9E5B+171611]
Ordinal0 [0x003B1DD8+73176]
Ordinal0 [0x003B2E50+77392]
Ordinal0 [0x003B2DE9+77289]
Ordinal0 [0x0053D8D7+1693911]
GetHandleVerifier [0x00694036+522726]
GetHandleVerifier [0x00693D74+522020]
GetHandleVerifier [0x006A9187+609079]
GetHandleVerifier [0x006948A6+524886]
Ordinal0 [0x00535CBC+1662140]
Ordinal0 [0x0053F23B+1700411]
Ordinal0 [0x0053F3A3+1700771]
Ordinal0 [0x00555215+1790485]
BaseThreadInitThunk [0x74B16359+25]
RtlGetAppContainerNamedObjectPath [0x772F7C24+228]
RtlGetAppContainerNamedObjectPath [0x772F7BF4+180]

at org.openqa.selenium.remote.W3CHandshakeResponse.lambda$errorHandler$0(W3CHandshakeResponse.java:62)
at org.openqa.selenium.remote.W3CHandshakeResponse$$Lambda$241/1561295060.apply(Unknown Source)
at org.openqa.selenium.remote.HandshakeResponse.lambda$getResponseFunction$0(HandshakeResponse.java:30)
at org.openqa.selenium.remote.HandshakeResponse$$Lambda$236/513508931.apply(Unknown Source)
at org.openqa.selenium.remote.ProtocolHandshake.lambda$createSession$0(ProtocolHandshake.java:126)
at org.openqa.selenium.remote.ProtocolHandshake$$Lambda$237/1549058261.apply(Unknown Source)
at java.util.stream.ReferencePipeline$3$1.accept(Unknown Source)
at java.util.Spliterators$ArraySpliterator.tryAdvance(Unknown Source)
at java.util.stream.ReferencePipeline.forEachWithCancel(Unknown Source)
at java.util.stream.AbstractPipeline.copyIntoWithCancel(Unknown Source)
at java.util.stream.AbstractPipeline.copyInto(Unknown Source)
at java.util.stream.AbstractPipeline.wrapAndCopyInto(Unknown Source)
at java.util.stream.FindOps$FindOp.evaluateSequential(Unknown Source)
at java.util.stream.AbstractPipeline.evaluate(Unknown Source)
at java.util.stream.ReferencePipeline.findFirst(Unknown Source)
at org.openqa.selenium.remote.ProtocolHandshake.createSession(ProtocolHandshake.java:128)
at org.openqa.selenium.remote.ProtocolHandshake.createSession(ProtocolHandshake.java:74)
at org.openqa.selenium.remote.HttpCommandExecutor.execute(HttpCommandExecutor.java:136)
at org.openqa.selenium.remote.service.DriverCommandExecutor.execute(DriverCommandExecutor.java:83)
at org.openqa.selenium.remote.RemoteWebDriver.execute(RemoteWebDriver.java:552)
at org.openqa.selenium.remote.RemoteWebDriver.startSession(RemoteWebDriver.java:213)
at org.openqa.selenium.remote.RemoteWebDriver.<init>(RemoteWebDriver.java:131)
at org.openqa.selenium.chrome.ChromeDriver.<init>(ChromeDriver.java:181)
at org.openqa.selenium.chrome.ChromeDriver.<init>(ChromeDriver.java:168)
at org.openqa.selenium.chrome.ChromeDriver.<init>(ChromeDriver.java:123)
at TestcaseScript.ParallelExecution.compose(ParallelExecution.java:24)
at java.util.concurrent.FutureTask.run(Unknown Source)
at java.util.concurrent.ThreadPoolExecutor.runWorker(Unknown Source)
at java.util.concurrent.ThreadPoolExecutor$Worker.run(Unknown Source)
at java.lang.Thread.run(Unknown Source)
... Removed 20 stack frames]]>
    </failure>
  </testcase> <!-- compose -->
</testsuite> <!-- Test_chrome -->
