<?xml version="1.0" encoding="UTF-8"?>
<!-- Generated by org.testng.reporters.JUnitReportReporter -->
<testsuite skipped="0" hostname="DESKTOP-R29U501" name="TestcaseScript.ParallelExecution" tests="2" failures="0" timestamp="10 Jul 2020 12:22:35 GMT" time="93.202" errors="1">
  <testcase name="compose" time="10.605" classname="TestcaseScript.ParallelExecution">
    <error type="org.openqa.selenium.SessionNotCreatedException" message="session not created: This version of ChromeDriver only supports Chrome version 81
Build info: version: &#039;3.141.59&#039;, revision: &#039;e82be7d358&#039;, time: &#039;2018-11-14T08:25:53&#039;
System info: host: &#039;DESKTOP-R29U501&#039;, ip: &#039;192.168.139.1&#039;, os.name: &#039;Windows 8.1&#039;, os.arch: &#039;amd64&#039;, os.version: &#039;6.3&#039;, java.version: &#039;1.8.0_20-ea&#039;
Driver info: driver.version: ChromeDriver
remote stacktrace: Backtrace:
	Ordinal0 [0x005F5F73+2449267]
	Ordinal0 [0x00528361+1606497]
	Ordinal0 [0x0041F969+522601]
	Ordinal0 [0x003B05F3+67059]
	Ordinal0 [0x003ACD92+52626]
	Ordinal0 [0x003CC127+180519]
	Ordinal0 [0x003CBF2D+180013]
	Ordinal0 [0x003C9E5B+171611]
	Ordinal0 [0x003B1DD8+73176]
	Ordinal0 [0x003B2E50+77392]
	Ordinal0 [0x003B2DE9+77289]
	Ordinal0 [0x0053D8D7+1693911]
	GetHandleVerifier [0x00694036+522726]
	GetHandleVerifier [0x00693D74+522020]
	GetHandleVerifier [0x006A9187+609079]
	GetHandleVerifier [0x006948A6+524886]
	Ordinal0 [0x00535CBC+1662140]
	Ordinal0 [0x0053F23B+1700411]
	Ordinal0 [0x0053F3A3+1700771]
	Ordinal0 [0x00555215+1790485]
	BaseThreadInitThunk [0x74B16359+25]
	RtlGetAppContainerNamedObjectPath [0x772F7C24+228]
	RtlGetAppContainerNamedObjectPath [0x772F7BF4+180]
">
      <![CDATA[org.openqa.selenium.SessionNotCreatedException: session not created: This version of ChromeDriver only supports Chrome version 81
Build info: version: '3.141.59', revision: 'e82be7d358', time: '2018-11-14T08:25:53'
System info: host: 'DESKTOP-R29U501', ip: '192.168.139.1', os.name: 'Windows 8.1', os.arch: 'amd64', os.version: '6.3', java.version: '1.8.0_20-ea'
Driver info: driver.version: ChromeDriver
remote stacktrace: Backtrace:
Ordinal0 [0x005F5F73+2449267]
Ordinal0 [0x00528361+1606497]
Ordinal0 [0x0041F969+522601]
Ordinal0 [0x003B05F3+67059]
Ordinal0 [0x003ACD92+52626]
Ordinal0 [0x003CC127+180519]
Ordinal0 [0x003CBF2D+180013]
Ordinal0 [0x003C9E5B+171611]
Ordinal0 [0x003B1DD8+73176]
Ordinal0 [0x003B2E50+77392]
Ordinal0 [0x003B2DE9+77289]
Ordinal0 [0x0053D8D7+1693911]
GetHandleVerifier [0x00694036+522726]
GetHandleVerifier [0x00693D74+522020]
GetHandleVerifier [0x006A9187+609079]
GetHandleVerifier [0x006948A6+524886]
Ordinal0 [0x00535CBC+1662140]
Ordinal0 [0x0053F23B+1700411]
Ordinal0 [0x0053F3A3+1700771]
Ordinal0 [0x00555215+1790485]
BaseThreadInitThunk [0x74B16359+25]
RtlGetAppContainerNamedObjectPath [0x772F7C24+228]
RtlGetAppContainerNamedObjectPath [0x772F7BF4+180]

at sun.reflect.NativeConstructorAccessorImpl.newInstance0(Native Method)
at sun.reflect.NativeConstructorAccessorImpl.newInstance(Unknown Source)
at sun.reflect.DelegatingConstructorAccessorImpl.newInstance(Unknown Source)
at java.lang.reflect.Constructor.newInstance(Unknown Source)
at org.openqa.selenium.remote.W3CHandshakeResponse.lambda$errorHandler$0(W3CHandshakeResponse.java:62)
at org.openqa.selenium.remote.W3CHandshakeResponse$$Lambda$241/1561295060.apply(Unknown Source)
at org.openqa.selenium.remote.HandshakeResponse.lambda$getResponseFunction$0(HandshakeResponse.java:30)
at org.openqa.selenium.remote.HandshakeResponse$$Lambda$236/513508931.apply(Unknown Source)
at org.openqa.selenium.remote.ProtocolHandshake.lambda$createSession$0(ProtocolHandshake.java:126)
at org.openqa.selenium.remote.ProtocolHandshake$$Lambda$237/1549058261.apply(Unknown Source)
at java.util.stream.ReferencePipeline$3$1.accept(Unknown Source)
at java.util.Spliterators$ArraySpliterator.tryAdvance(Unknown Source)
at java.util.stream.ReferencePipeline.forEachWithCancel(Unknown Source)
at java.util.stream.AbstractPipeline.copyIntoWithCancel(Unknown Source)
at java.util.stream.AbstractPipeline.copyInto(Unknown Source)
at java.util.stream.AbstractPipeline.wrapAndCopyInto(Unknown Source)
at java.util.stream.FindOps$FindOp.evaluateSequential(Unknown Source)
at java.util.stream.AbstractPipeline.evaluate(Unknown Source)
at java.util.stream.ReferencePipeline.findFirst(Unknown Source)
at org.openqa.selenium.remote.ProtocolHandshake.createSession(ProtocolHandshake.java:128)
at org.openqa.selenium.remote.ProtocolHandshake.createSession(ProtocolHandshake.java:74)
at org.openqa.selenium.remote.HttpCommandExecutor.execute(HttpCommandExecutor.java:136)
at org.openqa.selenium.remote.service.DriverCommandExecutor.execute(DriverCommandExecutor.java:83)
at org.openqa.selenium.remote.RemoteWebDriver.execute(RemoteWebDriver.java:552)
at org.openqa.selenium.remote.RemoteWebDriver.startSession(RemoteWebDriver.java:213)
at org.openqa.selenium.remote.RemoteWebDriver.<init>(RemoteWebDriver.java:131)
at org.openqa.selenium.chrome.ChromeDriver.<init>(ChromeDriver.java:181)
at org.openqa.selenium.chrome.ChromeDriver.<init>(ChromeDriver.java:168)
at org.openqa.selenium.chrome.ChromeDriver.<init>(ChromeDriver.java:123)
at TestcaseScript.ParallelExecution.compose(ParallelExecution.java:24)
at sun.reflect.NativeMethodAccessorImpl.invoke0(Native Method)
at sun.reflect.NativeMethodAccessorImpl.invoke(Unknown Source)
at sun.reflect.DelegatingMethodAccessorImpl.invoke(Unknown Source)
at java.lang.reflect.Method.invoke(Unknown Source)
at org.testng.internal.MethodInvocationHelper.invokeMethod(MethodInvocationHelper.java:124)
at org.testng.internal.Invoker.invokeMethod(Invoker.java:583)
at org.testng.internal.Invoker.invokeTestMethod(Invoker.java:719)
at org.testng.internal.Invoker.invokeTestMethods(Invoker.java:989)
at org.testng.internal.TestMethodWorker.invokeTestMethods(TestMethodWorker.java:125)
at org.testng.internal.TestMethodWorker.run(TestMethodWorker.java:109)
at org.testng.TestRunner.privateRun(TestRunner.java:648)
at org.testng.TestRunner.run(TestRunner.java:505)
at org.testng.SuiteRunner.runTest(SuiteRunner.java:455)
at org.testng.SuiteRunner.access$000(SuiteRunner.java:40)
at org.testng.SuiteRunner$SuiteWorker.run(SuiteRunner.java:489)
at org.testng.internal.thread.ThreadUtil$1.call(ThreadUtil.java:52)
at java.util.concurrent.FutureTask.run(Unknown Source)
at java.util.concurrent.ThreadPoolExecutor.runWorker(Unknown Source)
at java.util.concurrent.ThreadPoolExecutor$Worker.run(Unknown Source)
at java.lang.Thread.run(Unknown Source)
]]>
    </error>
  </testcase> <!-- compose -->
  <testcase name="compose" time="82.597" classname="TestcaseScript.ParallelExecution"/>
</testsuite> <!-- TestcaseScript.ParallelExecution -->
